Building DAG of jobs...
Using shell: /bin/bash
Provided cores: 2
Rules claiming more threads will be scaled down.
Job stats:
job                   count    min threads    max threads
------------------  -------  -------------  -------------
all                       1              1              1
change_chrom_names        1              1              1
get_promoters_left        1              1              1
get_promoters_symm        1              1              1
get_tss_bed               1              1              1
liftover                  1              1              1
total                     6              1              1

Select jobs to execute...

[Thu Jul  6 09:47:16 2023]
rule get_tss_bed:
    input: /s/project/mll/sergey/effect_prediction/promoter_mutations/tables/transcripts_canonocal_GRCh38.csv
    output: /s/project/mll/sergey/effect_prediction/promoter_mutations/tables/transcripts_canonocal_GRCh38.bed6
    jobid: 4
    reason: Missing output files: /s/project/mll/sergey/effect_prediction/promoter_mutations/tables/transcripts_canonocal_GRCh38.bed6
    resources: tmpdir=/tmp

[Thu Jul  6 09:47:16 2023]
Finished job 4.
1 of 6 steps (17%) done
Select jobs to execute...

[Thu Jul  6 09:47:16 2023]
rule liftover:
    input: /s/project/mll/sergey/effect_prediction/promoter_mutations/tables/transcripts_canonocal_GRCh38.bed6, /s/project/mll/sergey/effect_prediction/tools/liftOver/hg38ToHg19.over.chain.gz
    output: /s/project/mll/sergey/effect_prediction/promoter_mutations/tables/transcripts_canonocal_GRCh37.liftover.bed, /s/project/mll/sergey/effect_prediction/promoter_mutations/tables/transcripts_canonocal_GRCh37.umap
    log: /s/project/mll/sergey/effect_prediction/promoter_mutations/tables/logs/liftover.log
    jobid: 3
    reason: Missing output files: /s/project/mll/sergey/effect_prediction/promoter_mutations/tables/transcripts_canonocal_GRCh37.liftover.bed; Input files updated by another job: /s/project/mll/sergey/effect_prediction/promoter_mutations/tables/transcripts_canonocal_GRCh38.bed6
    resources: tmpdir=/tmp

[Thu Jul  6 09:47:17 2023]
Finished job 3.
2 of 6 steps (33%) done
Removing temporary output /s/project/mll/sergey/effect_prediction/promoter_mutations/tables/transcripts_canonocal_GRCh37.umap.
Select jobs to execute...

[Thu Jul  6 09:47:17 2023]
rule change_chrom_names:
    input: /s/project/mll/sergey/effect_prediction/promoter_mutations/tables/transcripts_canonocal_GRCh37.liftover.bed
    output: /s/project/mll/sergey/effect_prediction/promoter_mutations/tables/transcripts_canonocal_GRCh37.bed
    jobid: 2
    reason: Missing output files: /s/project/mll/sergey/effect_prediction/promoter_mutations/tables/transcripts_canonocal_GRCh37.bed; Input files updated by another job: /s/project/mll/sergey/effect_prediction/promoter_mutations/tables/transcripts_canonocal_GRCh37.liftover.bed
    resources: tmpdir=/tmp

[Thu Jul  6 09:47:17 2023]
Finished job 2.
3 of 6 steps (50%) done
Select jobs to execute...

[Thu Jul  6 09:47:17 2023]
rule get_promoters_left:
    input: /s/project/mll/sergey/effect_prediction/promoter_mutations/tables/transcripts_canonocal_GRCh37.bed, GRCh37.chrom_sizes
    output: /s/project/mll/sergey/effect_prediction/promoter_mutations/tables/promoters_196000_left.bed
    jobid: 1
    reason: Missing output files: /s/project/mll/sergey/effect_prediction/promoter_mutations/tables/promoters_196000_left.bed; Input files updated by another job: /s/project/mll/sergey/effect_prediction/promoter_mutations/tables/transcripts_canonocal_GRCh37.bed
    resources: tmpdir=/tmp


[Thu Jul  6 09:47:17 2023]
rule get_promoters_symm:
    input: /s/project/mll/sergey/effect_prediction/promoter_mutations/tables/transcripts_canonocal_GRCh37.bed, GRCh37.chrom_sizes
    output: /s/project/mll/sergey/effect_prediction/promoter_mutations/tables/promoters_196000_symm.bed
    jobid: 5
    reason: Missing output files: /s/project/mll/sergey/effect_prediction/promoter_mutations/tables/promoters_196000_symm.bed; Input files updated by another job: /s/project/mll/sergey/effect_prediction/promoter_mutations/tables/transcripts_canonocal_GRCh37.bed
    resources: tmpdir=/tmp

[Thu Jul  6 09:47:18 2023]
Finished job 1.
4 of 6 steps (67%) done
[Thu Jul  6 09:47:19 2023]
Finished job 5.
5 of 6 steps (83%) done
Select jobs to execute...

[Thu Jul  6 09:47:19 2023]
localrule all:
    input: /s/project/mll/sergey/effect_prediction/promoter_mutations/tables/promoters_196000_left.bed, /s/project/mll/sergey/effect_prediction/promoter_mutations/tables/promoters_196000_symm.bed, /s/project/mll/sergey/effect_prediction/promoter_mutations/tables/transcripts_canonocal_GRCh37.bed
    jobid: 0
    reason: Input files updated by another job: /s/project/mll/sergey/effect_prediction/promoter_mutations/tables/promoters_196000_symm.bed, /s/project/mll/sergey/effect_prediction/promoter_mutations/tables/transcripts_canonocal_GRCh37.bed, /s/project/mll/sergey/effect_prediction/promoter_mutations/tables/promoters_196000_left.bed
    resources: tmpdir=/tmp

[Thu Jul  6 09:47:19 2023]
Finished job 0.
6 of 6 steps (100%) done
Complete log: .snakemake/log/2023-07-06T094715.125613.snakemake.log
