Building DAG of jobs...
Using shell: /bin/bash
Provided cores: 2
Rules claiming more threads will be scaled down.
Job stats:
job                           count    min threads    max threads
--------------------------  -------  -------------  -------------
all                               1              1              1
extract_seq                       1              1              1
get_window_pos                    1              1              1
intersect_associated_genes        1              1              1
total                             4              1              1

Select jobs to execute...

[Fri Apr 28 00:01:28 2023]
rule intersect_associated_genes:
    input: /s/project/mll/sergey/effect_prediction/outrider/gene_coords/transcripts_canonocal_GRCh37.bed
    output: /s/project/mll/sergey/effect_prediction/outrider/aml_association/associated_genes_GRCh37.tss.bed
    jobid: 3
    reason: Missing output files: /s/project/mll/sergey/effect_prediction/outrider/aml_association/associated_genes_GRCh37.tss.bed
    resources: tmpdir=/tmp

[Fri Apr 28 00:01:30 2023]
Finished job 3.
1 of 4 steps (25%) done
Select jobs to execute...

[Fri Apr 28 00:01:30 2023]
rule get_window_pos:
    input: /s/project/mll/sergey/effect_prediction/outrider/aml_association/associated_genes_GRCh37.tss.bed, GRCh37.chrom_sizes
    output: /s/project/mll/sergey/effect_prediction/outrider/aml_association/associated_genes_GRCh37.bed, /s/project/mll/sergey/effect_prediction/outrider/aml_association/associated_genes_GRCh37.bed.tmp
    jobid: 2
    reason: Missing output files: /s/project/mll/sergey/effect_prediction/outrider/aml_association/associated_genes_GRCh37.bed; Input files updated by another job: /s/project/mll/sergey/effect_prediction/outrider/aml_association/associated_genes_GRCh37.tss.bed
    resources: tmpdir=/tmp

[Fri Apr 28 00:01:30 2023]
Finished job 2.
2 of 4 steps (50%) done
Removing temporary output /s/project/mll/sergey/effect_prediction/outrider/aml_association/associated_genes_GRCh37.tss.bed.
Removing temporary output /s/project/mll/sergey/effect_prediction/outrider/aml_association/associated_genes_GRCh37.bed.tmp.
Select jobs to execute...

[Fri Apr 28 00:01:30 2023]
rule extract_seq:
    input: /s/project/mll/sergey/effect_prediction/outrider/aml_association/associated_genes_GRCh37.bed
    output: /s/project/mll/sergey/effect_prediction/outrider/aml_association/ass_genes.fa
    jobid: 1
    reason: Missing output files: /s/project/mll/sergey/effect_prediction/outrider/aml_association/ass_genes.fa; Input files updated by another job: /s/project/mll/sergey/effect_prediction/outrider/aml_association/associated_genes_GRCh37.bed
    resources: tmpdir=/tmp

[Fri Apr 28 00:01:50 2023]
Finished job 1.
3 of 4 steps (75%) done
Select jobs to execute...

[Fri Apr 28 00:01:50 2023]
localrule all:
    input: /s/project/mll/sergey/effect_prediction/outrider/aml_association/ass_genes.fa
    jobid: 0
    reason: Input files updated by another job: /s/project/mll/sergey/effect_prediction/outrider/aml_association/ass_genes.fa
    resources: tmpdir=/tmp

[Fri Apr 28 00:01:50 2023]
Finished job 0.
4 of 4 steps (100%) done
Complete log: .snakemake/log/2023-04-28T000127.178977.snakemake.log
