Building DAG of jobs...
Using shell: /bin/bash
Provided cores: 2
Rules claiming more threads will be scaled down.
Job stats:
job                   count    min threads    max threads
------------------  -------  -------------  -------------
all                       1              1              1
filter_genes              1              1              1
get_promoters_left        1              1              1
get_promoters_symm        1              1              1
get_window_pos            1              1              1
total                     5              1              1

Select jobs to execute...

[Thu Jul  6 10:34:02 2023]
rule filter_genes:
    input: /s/project/mll/sergey/effect_prediction/promoter_mutations/tables/transcripts_canonocal_GRCh37.bed
    output: /s/project/mll/sergey/effect_prediction/promoter_mutations/tables/transcripts_canonocal_GRCh37.filtered.bed
    jobid: 2
    reason: Missing output files: /s/project/mll/sergey/effect_prediction/promoter_mutations/tables/transcripts_canonocal_GRCh37.filtered.bed
    resources: tmpdir=/tmp

[Thu Jul  6 10:34:04 2023]
Finished job 2.
1 of 5 steps (20%) done
Select jobs to execute...

[Thu Jul  6 10:34:04 2023]
rule get_window_pos:
    input: /s/project/mll/sergey/effect_prediction/promoter_mutations/tables/transcripts_canonocal_GRCh37.filtered.bed, GRCh37.chrom_sizes
    output: /s/project/mll/sergey/effect_prediction/promoter_mutations/tables/enformer_windows.bed, /s/project/mll/sergey/effect_prediction/promoter_mutations/tables/enformer_windows.bed.tmp
    jobid: 7
    reason: Missing output files: /s/project/mll/sergey/effect_prediction/promoter_mutations/tables/enformer_windows.bed; Input files updated by another job: /s/project/mll/sergey/effect_prediction/promoter_mutations/tables/transcripts_canonocal_GRCh37.filtered.bed
    resources: tmpdir=/tmp


[Thu Jul  6 10:34:04 2023]
rule get_promoters_left:
    input: /s/project/mll/sergey/effect_prediction/promoter_mutations/tables/transcripts_canonocal_GRCh37.filtered.bed, GRCh37.chrom_sizes
    output: /s/project/mll/sergey/effect_prediction/promoter_mutations/tables/promoters_196000_left.bed
    jobid: 1
    reason: Input files updated by another job: /s/project/mll/sergey/effect_prediction/promoter_mutations/tables/transcripts_canonocal_GRCh37.filtered.bed
    resources: tmpdir=/tmp

[Thu Jul  6 10:34:04 2023]
Finished job 7.
2 of 5 steps (40%) done
Removing temporary output /s/project/mll/sergey/effect_prediction/promoter_mutations/tables/enformer_windows.bed.tmp.
Select jobs to execute...

[Thu Jul  6 10:34:04 2023]
rule get_promoters_symm:
    input: /s/project/mll/sergey/effect_prediction/promoter_mutations/tables/transcripts_canonocal_GRCh37.filtered.bed, GRCh37.chrom_sizes
    output: /s/project/mll/sergey/effect_prediction/promoter_mutations/tables/promoters_196000_symm.bed
    jobid: 6
    reason: Input files updated by another job: /s/project/mll/sergey/effect_prediction/promoter_mutations/tables/transcripts_canonocal_GRCh37.filtered.bed
    resources: tmpdir=/tmp

[Thu Jul  6 10:34:04 2023]
Finished job 1.
3 of 5 steps (60%) done
[Thu Jul  6 10:34:05 2023]
Finished job 6.
4 of 5 steps (80%) done
Select jobs to execute...

[Thu Jul  6 10:34:05 2023]
localrule all:
    input: /s/project/mll/sergey/effect_prediction/promoter_mutations/tables/promoters_196000_left.bed, /s/project/mll/sergey/effect_prediction/promoter_mutations/tables/promoters_196000_symm.bed, /s/project/mll/sergey/effect_prediction/promoter_mutations/tables/enformer_windows.bed
    jobid: 0
    reason: Input files updated by another job: /s/project/mll/sergey/effect_prediction/promoter_mutations/tables/promoters_196000_left.bed, /s/project/mll/sergey/effect_prediction/promoter_mutations/tables/enformer_windows.bed, /s/project/mll/sergey/effect_prediction/promoter_mutations/tables/promoters_196000_symm.bed
    resources: tmpdir=/tmp

[Thu Jul  6 10:34:05 2023]
Finished job 0.
5 of 5 steps (100%) done
Complete log: .snakemake/log/2023-07-06T103400.726555.snakemake.log
